
Showing logs for build [32mjenkins-x-labs-bot-bdd-gh-15863-ff9kr-1[0m stage [32mfrom-build-pack[0m and container [32mstep-credential-initializer-vnjd4[0m
{"level":"warn","ts":1586348759.919761,"logger":"fallback-logger","caller":"logging/config.go:69","msg":"Fetch GitHub commit ID from kodata failed: \"ref: refs/heads/0.8.0-**-support-backwards-incompats\" is not a valid GitHub commit ID"}
{"level":"info","ts":1586348759.9201517,"logger":"fallback-logger","caller":"creds-init/main.go:40","msg":"Credentials initialized."}

Showing logs for build [32mjenkins-x-labs-bot-bdd-gh-15863-ff9kr-1[0m stage [32mfrom-build-pack[0m and container [32mstep-working-dir-initializer-lkg22[0m
{"level":"warn","ts":1586348760.942098,"logger":"fallback-logger","caller":"logging/config.go:69","msg":"Fetch GitHub commit ID from kodata failed: open /var/run/ko/HEAD: no such file or directory"}
{"level":"info","ts":1586348760.9433205,"logger":"fallback-logger","caller":"bash/main.go:64","msg":"Successfully executed command \"sh -c mkdir -p /workspace/source\"; output "}

Showing logs for build [32mjenkins-x-labs-bot-bdd-gh-15863-ff9kr-1[0m stage [32mfrom-build-pack[0m and container [32mstep-place-tools[0m

Showing logs for build [32mjenkins-x-labs-bot-bdd-gh-15863-ff9kr-1[0m stage [32mfrom-build-pack[0m and container [32mstep-git-source-jenkins-x-labs-bot-bdd-gh-15863-ff9kr-fk2r9[0m
{"level":"warn","ts":1586348767.1142993,"logger":"fallback-logger","caller":"logging/config.go:69","msg":"Fetch GitHub commit ID from kodata failed: \"ref: refs/heads/0.8.0-**-support-backwards-incompats\" is not a valid GitHub commit ID"}
{"level":"info","ts":1586348768.1843343,"logger":"fallback-logger","caller":"git/git.go:103","msg":"Successfully cloned https://github.com/******************/bdd-gh-1586348271.git @ master in path /workspace/source"}

Showing logs for build [32mjenkins-x-labs-bot-bdd-gh-15863-ff9kr-1[0m stage [32mfrom-build-pack[0m and container [32mstep-git-merge[0m
Using SHAs from PULL_REFS=master:4aa201846eabc4e37d735b9fb5cb1d8b69aebe78,1:6975f8897af41d97375019865e121ccffb4cf809
DEBUG: LC_ALL=C JX_LOG_LEVEL=error git fetch origin --unshallow 6975f8897af41d97375019865e121ccffb4cf809: 4aa201846eabc4e37d735b9fb5cb1d8b69aebe78:
DEBUG: ran git fetch --unshallow origin 6975f8897af41d97375019865e121ccffb4cf809: 4aa201846eabc4e37d735b9fb5cb1d8b69aebe78: in 
DEBUG: LC_ALL=C JX_LOG_LEVEL=error git branch
DEBUG: LC_ALL=C JX_LOG_LEVEL=error git checkout master
DEBUG: ran git checkout master in 
DEBUG: LC_ALL=C JX_LOG_LEVEL=error git reset --hard 4aa201846eabc4e37d735b9fb5cb1d8b69aebe78
DEBUG: ran git reset --hard 4aa201846eabc4e37d735b9fb5cb1d8b69aebe78 in 
DEBUG: JX_LOG_LEVEL=error LC_ALL=C git clean -fd .
DEBUG: ran clean --force -d . in 
DEBUG: LC_ALL=C JX_LOG_LEVEL=error git merge 6975f8897af41d97375019865e121ccffb4cf809
DEBUG: ran git merge 6975f8897af41d97375019865e121ccffb4cf809 in 
DEBUG: LC_ALL=C JX_LOG_LEVEL=error git log --format=%H%x1f%an%x1f%ae%x1f%cn%x1f%ce%x1f%s%n%b%x1e 4aa201846eabc4e37d735b9fb5cb1d8b69aebe78..HEAD
Merged SHA 6975f8897af41d97375019865e121ccffb4cf809 with commit message 'My first PR commit' into base branch master

Showing logs for build [32mjenkins-x-labs-bot-bdd-gh-15863-ff9kr-1[0m stage [32mfrom-build-pack[0m and container [32mstep-build-make-linux[0m
CGO_ENABLED=0 GOOS=linux GOARCH=amd64 GO15VENDOREXPERIMENT=1 go build -ldflags '' -o bin/bdd-gh-1586348271 main.go

Showing logs for build [32mjenkins-x-labs-bot-bdd-gh-15863-ff9kr-1[0m stage [32mfrom-build-pack[0m and container [32mstep-build-container-build[0m
ERROR: logging before flag.Parse: E0408 12:26:14.923581      12 metadata.go:241] Failed to unmarshal scopes: invalid character 'h' looking for beginning of value
[36mINFO[0m[0000] No base image, nothing to extract            
[36mINFO[0m[0000] cmd: EXPOSE                                  
[36mINFO[0m[0000] Adding exposed port: 8080/tcp                
[36mINFO[0m[0000] Using files from context: [/workspace/source/bin] 
[36mINFO[0m[0000] Skipping unpacking as no commands require it. 
[36mINFO[0m[0000] Taking snapshot of full filesystem...        
[36mINFO[0m[0000] EXPOSE 8080                                  
[36mINFO[0m[0000] cmd: EXPOSE                                  
[36mINFO[0m[0000] Adding exposed port: 8080/tcp                
[36mINFO[0m[0000] No files changed in this command, skipping snapshotting. 
[36mINFO[0m[0000] ENTRYPOINT ["/bdd-gh-1586348271"]            
[36mINFO[0m[0000] No files changed in this command, skipping snapshotting. 
[36mINFO[0m[0000] Using files from context: [/workspace/source/bin] 
[36mINFO[0m[0000] COPY ./bin/ /                                
[36mINFO[0m[0000] Taking snapshot of files...                  
2020/04/08 12:26:19 pushed blob: sha256:727f8feb4cb77701b378dc782f868b823bc12bd9f81fbfde261fe9e2b4d70693
2020/04/08 12:26:19 pushed blob: sha256:57dd12ca4c59a121388b87cada5493e120ac522825903b090d948f546dd357c7
2020/04/08 12:26:20 gcr.io/jenkins-x-labs-bdd/bdd-gh-1586348271:0.0.0-SNAPSHOT-PR-1-1: digest: sha256:5e349d5990b6d57d3ecb016adabcb5ea5cebe48a9927c0f0f24f0264e10fd2e7 size: 428

Showing logs for build [32mjenkins-x-labs-bot-bdd-gh-15863-ff9kr-1[0m stage [32mfrom-build-pack[0m and container [32mstep-postbuild-post-build[0m
no CVE provider running in the current ** namespace so skip adding image to be analysed

Showing logs for build [32mjenkins-x-labs-bot-bdd-gh-15863-ff9kr-1[0m stage [32mfrom-build-pack[0m and container [32mstep-promote-make-preview[0m
sed -i -e "s/version:.*/version: 0.0.0-SNAPSHOT-PR-1-1/" Chart.yaml
sed -i -e "s/version:.*/version: 0.0.0-SNAPSHOT-PR-1-1/" ../*/Chart.yaml
sed -i -e "s|repository:.*|repository: gcr.io\/jenkins-x-labs-bdd\/bdd-gh-1586348271|" values.yaml
sed -i -e "s/tag:.*/tag: 0.0.0-SNAPSHOT-PR-1-1/" values.yaml
echo "  version: 0.0.0-SNAPSHOT-PR-1-1" >> requirements.yaml
** step helm build
WARNING: No $CHART_REPOSITORY defined so using the default value of: http://jenkins-x-chartmuseum:8080
Adding missing Helm repo: storage.googleapis.com https://storage.googleapis.com/chartmuseum.jenkins-x.io
Successfully added Helm repository storage.googleapis.com.
Adding missing Helm repo: jenkins-x-chartmuseum http://jenkins-x-chartmuseum:8080
Successfully added Helm repository jenkins-x-chartmuseum.
WARNING: No $CHART_REPOSITORY defined so using the default value of: http://jenkins-x-chartmuseum:8080

Showing logs for build [32mjenkins-x-labs-bot-bdd-gh-15863-ff9kr-1[0m stage [32mfrom-build-pack[0m and container [32mstep-promote-jx-preview[0m
Creating a preview
Created environment ******************-bdd-gh-1586348271-pr-1
Namespace **-******************-bdd-gh-1586348271-pr-1 created 
expose:
  Annotations:
    helm.sh/hook: post-install,post-upgrade
    helm.sh/hook-delete-policy: hook-succeeded
  config:
    domain: 35.195.79.190.nip.io
    exposer: Ingress
    http: "true"
preview:
  image:
    repository: gcr.io/jenkins-x-labs-bdd/bdd-gh-1586348271
    tag: 0.0.0-SNAPSHOT-PR-1-1
adding helm values file /workspace/source/charts/preview/**Requirements.values.yaml for namespace **-******************-bdd-gh-1586348271-pr-1
Updating PipelineActivities ******************-bdd-gh-1586348271-pr-1-1 which has status Running
WARNING: preview application http://bdd-gh-1586348271-**-******************-bdd-gh-1586348271-pr-1.35.195.79.190.nip.io not available, error was 503 503 Service Temporarily Unavailable, delaying for: 1.252573036s
WARNING: preview application http://bdd-gh-1586348271-**-******************-bdd-gh-1586348271-pr-1.35.195.79.190.nip.io not available, error was 503 503 Service Temporarily Unavailable, delaying for: 1.795078749s
Preview application is now available at: http://bdd-gh-1586348271-**-******************-bdd-gh-1586348271-pr-1.35.195.79.190.nip.io
