
Showing logs for build [32mjenkins-x-labs-bot-bdd-gh-15863-5wjmh-1[0m stage [32mfrom-build-pack[0m and container [32mstep-credential-initializer-t2jwk[0m
{"level":"warn","ts":1586348399.583437,"logger":"fallback-logger","caller":"logging/config.go:69","msg":"Fetch GitHub commit ID from kodata failed: \"ref: refs/heads/0.8.0-**-support-backwards-incompats\" is not a valid GitHub commit ID"}
{"level":"info","ts":1586348399.5842407,"logger":"fallback-logger","caller":"creds-init/main.go:40","msg":"Credentials initialized."}

Showing logs for build [32mjenkins-x-labs-bot-bdd-gh-15863-5wjmh-1[0m stage [32mfrom-build-pack[0m and container [32mstep-working-dir-initializer-vv9jv[0m
{"level":"warn","ts":1586348400.6944544,"logger":"fallback-logger","caller":"logging/config.go:69","msg":"Fetch GitHub commit ID from kodata failed: open /var/run/ko/HEAD: no such file or directory"}
{"level":"info","ts":1586348400.695454,"logger":"fallback-logger","caller":"bash/main.go:64","msg":"Successfully executed command \"sh -c mkdir -p /workspace/source\"; output "}

Showing logs for build [32mjenkins-x-labs-bot-bdd-gh-15863-5wjmh-1[0m stage [32mfrom-build-pack[0m and container [32mstep-place-tools[0m

Showing logs for build [32mjenkins-x-labs-bot-bdd-gh-15863-5wjmh-1[0m stage [32mfrom-build-pack[0m and container [32mstep-git-source-jenkins-x-labs-bot-bdd-gh-15863-5wjmh-mctr4[0m
{"level":"warn","ts":1586348474.5561893,"logger":"fallback-logger","caller":"logging/config.go:69","msg":"Fetch GitHub commit ID from kodata failed: \"ref: refs/heads/0.8.0-**-support-backwards-incompats\" is not a valid GitHub commit ID"}
{"level":"info","ts":1586348475.7906883,"logger":"fallback-logger","caller":"git/git.go:103","msg":"Successfully cloned https://github.com/******************/bdd-gh-1586348271.git @ v0.0.1 in path /workspace/source"}

Showing logs for build [32mjenkins-x-labs-bot-bdd-gh-15863-5wjmh-1[0m stage [32mfrom-build-pack[0m and container [32mstep-git-merge[0m
Using SHAs from PULL_REFS=master:
WARNING: no SHAs to merge, falling back to initial cloned commit

Showing logs for build [32mjenkins-x-labs-bot-bdd-gh-15863-5wjmh-1[0m stage [32mfrom-build-pack[0m and container [32mstep-setup-jx-git-credentials[0m
Generated Git credentials file /workspace/xdg_config/git/credentials

Showing logs for build [32mjenkins-x-labs-bot-bdd-gh-15863-5wjmh-1[0m stage [32mfrom-build-pack[0m and container [32mstep-build-make-build[0m
CGO_ENABLED=0 GO15VENDOREXPERIMENT=1 go build -ldflags '' -o bin/bdd-gh-1586348271 main.go

Showing logs for build [32mjenkins-x-labs-bot-bdd-gh-15863-5wjmh-1[0m stage [32mfrom-build-pack[0m and container [32mstep-build-container-build[0m
ERROR: logging before flag.Parse: E0408 12:21:27.198938      12 metadata.go:241] Failed to unmarshal scopes: invalid character 'h' looking for beginning of value
[36mINFO[0m[0000] No base image, nothing to extract            
[36mINFO[0m[0000] cmd: EXPOSE                                  
[36mINFO[0m[0000] Adding exposed port: 8080/tcp                
[36mINFO[0m[0000] Using files from context: [/workspace/source/bin] 
[36mINFO[0m[0000] Skipping unpacking as no commands require it. 
[36mINFO[0m[0000] Taking snapshot of full filesystem...        
[36mINFO[0m[0000] EXPOSE 8080                                  
[36mINFO[0m[0000] cmd: EXPOSE                                  
[36mINFO[0m[0000] Adding exposed port: 8080/tcp                
[36mINFO[0m[0000] No files changed in this command, skipping snapshotting. 
[36mINFO[0m[0000] ENTRYPOINT ["/bdd-gh-1586348271"]            
[36mINFO[0m[0000] No files changed in this command, skipping snapshotting. 
[36mINFO[0m[0000] Using files from context: [/workspace/source/bin] 
[36mINFO[0m[0000] COPY ./bin/ /                                
[36mINFO[0m[0000] Taking snapshot of files...                  
2020/04/08 12:21:31 pushed blob: sha256:d10e4995ed432a7c30aa5abe539c2524b552eb06825abbd44851d87446b8b80d
2020/04/08 12:21:31 pushed blob: sha256:4bdfee778c111e281565d97b3d220b76649008b18118fb8c48be3ac2ebbd44d8
2020/04/08 12:21:33 gcr.io/jenkins-x-labs-bdd/bdd-gh-1586348271:0.0.1: digest: sha256:6d278b381fad59af9ccc7f3e9a71818ba009169928459b95e2c4f1d8b43f0f67 size: 428

Showing logs for build [32mjenkins-x-labs-bot-bdd-gh-15863-5wjmh-1[0m stage [32mfrom-build-pack[0m and container [32mstep-build-post-build[0m
no CVE provider running in the current ** namespace so skip adding image to be analysed

Showing logs for build [32mjenkins-x-labs-bot-bdd-gh-15863-5wjmh-1[0m stage [32mfrom-build-pack[0m and container [32mstep-promote-changelog[0m
Converted /workspace/source/charts/bdd-gh-1586348271 to an unshallow repository
Generating change log from git ref 50b98ad0d308ec4af366afa15fb59578e8e688af => 3656844ea9dbf92db4cd8d06a6686b2280e9e238
Associating user x-0 in users.jenkins.io with email jenkins-x@googlegroups.com to git GitProvider user with login -0 as emails match
Adding label jenkins.io/git-github-userid=-0 to user x-0 in users.jenkins.io
WARNING: Failed to enrich commit 4aa201846eabc4e37d735b9fb5cb1d8b69aebe78 with issues: User.jenkins.io "x-0" is invalid: metadata.labels: Invalid value: "-0": a valid label must be an empty string or consist of alphanumeric characters, '-', '_' or '.', and must start and end with an alphanumeric character (e.g. 'MyValue',  or 'my_value',  or '12345', regex used for validation is '(([A-Za-z0-9][-A-Za-z0-9_.]*)?[A-Za-z0-9])?')
Finding issues in commit messages using git format
WARNING: No release found for ******************/bdd-gh-1586348271 and tag v0.0.1 so creating a new release
Updated the release information at https://github.com/******************/bdd-gh-1586348271/releases/tag/v0.0.1
generated: /workspace/source/charts/bdd-gh-1586348271/templates/release.yaml
Created Release bdd-gh-1586348271-0-0-1 resource in namespace **
Updating PipelineActivity ******************-bdd-gh-1586348271-master-1 with version 0.0.1
Updated PipelineActivities ******************-bdd-gh-1586348271-master-1 with release notes URL: https://github.com/******************/bdd-gh-1586348271/releases/tag/v0.0.1

Showing logs for build [32mjenkins-x-labs-bot-bdd-gh-15863-5wjmh-1[0m stage [32mfrom-build-pack[0m and container [32mstep-promote-helm-release[0m
WARNING: No $CHART_REPOSITORY defined so using the default value of: http://jenkins-x-chartmuseum:8080
Adding missing Helm repo: storage.googleapis.com https://storage.googleapis.com/chartmuseum.jenkins-x.io
Successfully added Helm repository storage.googleapis.com.
Adding missing Helm repo: jenkins-x-chartmuseum http://jenkins-x-chartmuseum:8080
Successfully added Helm repository jenkins-x-chartmuseum.
WARNING: No $CHART_REPOSITORY defined so using the default value of: http://jenkins-x-chartmuseum:8080
Uploading chart file bdd-gh-1586348271-0.0.1.tgz to http://jenkins-x-chartmuseum:8080/api/charts
Received 201 response: {"saved":true}

Showing logs for build [32mjenkins-x-labs-bot-bdd-gh-15863-5wjmh-1[0m stage [32mfrom-build-pack[0m and container [32mstep-promote-jx-promote[0m
WARNING: prow based install so skip waiting for the merge of Pull Requests to go green as currently there is an issue with gettingstatuses from the PR, see https://github.com/jenkins-x/**/issues/2410
WARNING: No $CHART_REPOSITORY defined so using the default value of: http://jenkins-x-chartmuseum:8080
Promoting app bdd-gh-1586348271 version 0.0.1 to namespace **-staging
WARNING: could not find upstream git URL failed to unmarshal  due to no GitConfDir defined
Created Pull Request: https://github.com/******************/environment-pr-81-2-bdd-vault-staging/pull/1
Added label updatebot to Pull Request https://github.com/******************/environment-pr-81-2-bdd-vault-staging/pull/1
got git provider status pending from PR https://github.com/******************/environment-pr-81-2-bdd-vault-staging/pull/1
got git provider status pending from PR https://github.com/******************/environment-pr-81-2-bdd-vault-staging/pull/1
got git provider status pending from PR https://github.com/******************/environment-pr-81-2-bdd-vault-staging/pull/1
got git provider status pending from PR https://github.com/******************/environment-pr-81-2-bdd-vault-staging/pull/1
Pull Request https://github.com/******************/environment-pr-81-2-bdd-vault-staging/pull/1 is merged at sha 423239e23c5476ff2625f743558383371af8abdc
Pull Request merged but we are not waiting for the update pipeline to complete!
WARNING: Could not find the service URL in namespace **-staging for names bdd-gh-1586348271, **-bdd-gh-1586348271, **-staging-bdd-gh-1586348271
